<?xml version="1.0" encoding="UTF-8"?>
<!-- Generated by org.testng.reporters.JUnitReportReporter -->
<testsuite skipped="0" hostname="JyotiLappy" name="com.PracticeProject.testCases.TC_loginTest_001" tests="1" failures="0" timestamp="05 May 2019 10:35:55 GMT" time="8.197" errors="0">
  <testcase name="loginTest" time="8.197" classname="com.PracticeProject.testCases.TC_loginTest_001"/>
</testsuite> <!-- com.PracticeProject.testCases.TC_loginTest_001 -->
