<?xml version="1.0" encoding="UTF-8"?>
<!-- Generated by org.testng.reporters.JUnitReportReporter -->
<testsuite skipped="0" hostname="JyotiLappy" name="com.PracticeProject.testCases.TC_loginTest_001" tests="1" failures="0" timestamp="11 Apr 2019 16:40:52 GMT" time="8.492" errors="0">
  <testcase name="loginTest" time="8.492" classname="com.PracticeProject.testCases.TC_loginTest_001"/>
</testsuite> <!-- com.PracticeProject.testCases.TC_loginTest_001 -->
