<?xml version="1.0" encoding="UTF-8"?>
<!-- Generated by org.testng.reporters.JUnitReportReporter -->
<testsuite skipped="0" hostname="JyotiLappy" name="com.PracticeProject.testCases.TC_AddCustomerTest_003" tests="1" failures="0" timestamp="11 Apr 2019 16:40:52 GMT" time="38.570" errors="0">
  <testcase name="addNewCustomer" time="38.570" classname="com.PracticeProject.testCases.TC_AddCustomerTest_003"/>
</testsuite> <!-- com.PracticeProject.testCases.TC_AddCustomerTest_003 -->
